Started GET "/" for ::1 at 2018-08-28 14:40:51 -0700
Processing by LandingController#index as HTML
  Rendering landing/index.html.erb within layouts/application
  Rendered landing/index.html.erb within layouts/application (1.4ms)
Completed 500 Internal Server Error in 295ms


  
ActionView::Template::Error (couldn't find file 'turbolinks' with type 'application/javascript'
Checked in these paths: 
  /Users/christineduane/Documents/Personal/apocalyptopets/app/assets/config
  /Users/christineduane/Documents/Personal/apocalyptopets/app/assets/images
  /Users/christineduane/Documents/Personal/apocalyptopets/app/assets/javascripts
  /Users/christineduane/Documents/Personal/apocalyptopets/app/assets/stylesheets
  /Users/christineduane/.rvm/gems/ruby-2.5.1/gems/actioncable-5.1.6/lib/assets/compiled
  /Users/christineduane/.rvm/gems/ruby-2.5.1/gems/actionview-5.1.6/lib/assets/compiled
  /Users/christineduane/Documents/Personal/apocalyptopets/node_modules):
    4:     <title>Apocalyptopets</title>
    5:     <%= csrf_meta_tags %>
    6: 
    7:     <%= stylesheet_link_tag 'application', media: 'all' %>
    8:     <%= javascript_pack_tag 'application' %>
    9:   </head>
   10: 
  
app/assets/javascripts/application.js:14
app/views/layouts/application.html.erb:7:in `_app_views_layouts_application_html_erb__2157121610850959885_70278077336160'
Started GET "/" for ::1 at 2018-08-28 14:43:14 -0700
Processing by LandingController#index as HTML
  Rendering landing/index.html.erb within layouts/application
  Rendered landing/index.html.erb within layouts/application (0.4ms)
Completed 200 OK in 860ms (Views: 858.7ms)


Started GET "/" for ::1 at 2018-08-28 14:54:05 -0700
Processing by LandingController#index as HTML
  Rendering landing/index.html.erb within layouts/application
  Rendered landing/index.html.erb within layouts/application (1.9ms)
Completed 200 OK in 1212ms (Views: 1026.7ms)


Started GET "/" for ::1 at 2018-08-28 14:57:31 -0700
Processing by LandingController#index as HTML
  Rendering landing/index.html.erb within layouts/application
  Rendered landing/index.html.erb within layouts/application (0.3ms)
Completed 200 OK in 11ms (Views: 9.9ms)


Started GET "/" for ::1 at 2018-08-28 14:57:51 -0700
Processing by LandingController#index as HTML
  Rendering landing/index.html.erb within layouts/application
  Rendered landing/index.html.erb within layouts/application (0.2ms)
Completed 200 OK in 14ms (Views: 12.9ms)


Started GET "/" for ::1 at 2018-08-28 14:58:38 -0700
Processing by LandingController#index as HTML
  Rendering landing/index.html.erb within layouts/application
  Rendered landing/index.html.erb within layouts/application (0.3ms)
Completed 200 OK in 12ms (Views: 10.7ms)


Started GET "/" for ::1 at 2018-08-28 14:58:54 -0700
Processing by LandingController#index as HTML
  Rendering landing/index.html.erb within layouts/application
  Rendered landing/index.html.erb within layouts/application (0.3ms)
Completed 200 OK in 30ms (Views: 28.9ms)


Started GET "/" for ::1 at 2018-08-28 15:00:54 -0700
Processing by LandingController#index as HTML
  Rendering landing/index.html.erb within layouts/application
  Rendered landing/index.html.erb within layouts/application (0.3ms)
Completed 200 OK in 25ms (Views: 23.9ms)


Started GET "/" for ::1 at 2018-08-28 15:05:20 -0700
Processing by LandingController#index as HTML
  Rendering landing/index.html.erb within layouts/application
  Rendered landing/index.html.erb within layouts/application (0.3ms)
Completed 200 OK in 10ms (Views: 9.0ms)


Started GET "/" for ::1 at 2018-08-28 15:08:08 -0700
Processing by LandingController#index as HTML
  Rendering landing/index.html.erb within layouts/application
  Rendered landing/index.html.erb within layouts/application (0.3ms)
Completed 200 OK in 24ms (Views: 23.2ms)


Started GET "/" for ::1 at 2018-08-28 15:08:32 -0700
Processing by LandingController#index as HTML
  Rendering landing/index.html.erb within layouts/application
  Rendered landing/index.html.erb within layouts/application (0.3ms)
Completed 200 OK in 29ms (Views: 27.3ms)


Started GET "/" for ::1 at 2018-08-28 15:20:28 -0700
Processing by LandingController#index as HTML
  Rendering landing/index.html.erb within layouts/application
  Rendered landing/index.html.erb within layouts/application (0.3ms)
Completed 200 OK in 10ms (Views: 8.6ms)


Started GET "/" for ::1 at 2018-08-28 15:26:11 -0700
Processing by LandingController#index as HTML
  Rendering landing/index.html.erb within layouts/application
  Rendered landing/index.html.erb within layouts/application (0.3ms)
Completed 200 OK in 39ms (Views: 37.7ms)


Started GET "/" for ::1 at 2018-08-28 15:26:13 -0700
Processing by LandingController#index as HTML
  Rendering landing/index.html.erb within layouts/application
  Rendered landing/index.html.erb within layouts/application (0.4ms)
Completed 200 OK in 13ms (Views: 11.3ms)


Started GET "/" for ::1 at 2018-08-28 15:28:37 -0700
Processing by LandingController#index as HTML
  Rendering landing/index.html.erb within layouts/application
  Rendered landing/index.html.erb within layouts/application (0.3ms)
Completed 500 Internal Server Error in 21ms


  
ActionView::Template::Error (Undefined variable: "$c-purple".):
    4:     <title>Apocalyptopets</title>
    5:     <%= csrf_meta_tags %>
    6: 
    7:     <%= stylesheet_link_tag 'application', media: 'all' %>
    8:     <%= javascript_pack_tag 'application' %>
    9:   </head>
   10: 
  
app/assets/stylesheets/layout.scss:5
app/views/layouts/application.html.erb:7:in `_app_views_layouts_application_html_erb__1276059083288283541_70338658268380'
Started GET "/" for ::1 at 2018-08-28 15:30:28 -0700
Processing by LandingController#index as HTML
  Rendering landing/index.html.erb within layouts/application
  Rendered landing/index.html.erb within layouts/application (0.3ms)
Completed 500 Internal Server Error in 23ms


  
ActionView::Template::Error (Undefined variable: "$c-purple".):
    4:     <title>Apocalyptopets</title>
    5:     <%= csrf_meta_tags %>
    6: 
    7:     <%= stylesheet_link_tag 'application', media: 'all' %>
    8:     <%= javascript_pack_tag 'application' %>
    9:   </head>
   10: 
  
app/assets/stylesheets/layout.scss:5
app/views/layouts/application.html.erb:7:in `_app_views_layouts_application_html_erb__1276059083288283541_70338702005660'
Started GET "/" for ::1 at 2018-08-28 15:30:38 -0700
Processing by LandingController#index as HTML
  Rendering landing/index.html.erb within layouts/application
  Rendered landing/index.html.erb within layouts/application (0.3ms)
Completed 200 OK in 43ms (Views: 42.2ms)


Started GET "/" for ::1 at 2018-08-28 15:38:11 -0700
Processing by LandingController#index as HTML
  Rendering landing/index.html.erb within layouts/application
  Rendered landing/index.html.erb within layouts/application (0.5ms)
Completed 200 OK in 35ms (Views: 33.9ms)


Started GET "/" for ::1 at 2018-08-28 15:38:38 -0700
Processing by LandingController#index as HTML
  Rendering landing/index.html.erb within layouts/application
  Rendered landing/index.html.erb within layouts/application (0.2ms)
Completed 200 OK in 34ms (Views: 32.7ms)


Started GET "/" for ::1 at 2018-08-28 15:39:06 -0700
Processing by LandingController#index as HTML
  Rendering landing/index.html.erb within layouts/application
  Rendered landing/index.html.erb within layouts/application (0.3ms)
Completed 200 OK in 11ms (Views: 9.8ms)


Started GET "/" for ::1 at 2018-08-28 15:39:24 -0700
Processing by LandingController#index as HTML
  Rendering landing/index.html.erb within layouts/application
  Rendered landing/index.html.erb within layouts/application (0.3ms)
Completed 200 OK in 10ms (Views: 8.9ms)


Started GET "/" for ::1 at 2018-08-28 15:40:16 -0700
Processing by LandingController#index as HTML
  Rendering landing/index.html.erb within layouts/application
  Rendered landing/index.html.erb within layouts/application (0.3ms)
Completed 200 OK in 20ms (Views: 18.5ms)


Started GET "/" for ::1 at 2018-08-28 15:40:34 -0700
Processing by LandingController#index as HTML
  Rendering landing/index.html.erb within layouts/application
  Rendered landing/index.html.erb within layouts/application (0.3ms)
Completed 200 OK in 11ms (Views: 9.7ms)


Started GET "/" for ::1 at 2018-08-28 15:40:35 -0700
Processing by LandingController#index as HTML
  Rendering landing/index.html.erb within layouts/application
  Rendered landing/index.html.erb within layouts/application (0.3ms)
Completed 200 OK in 10ms (Views: 9.2ms)


Started GET "/" for ::1 at 2018-08-28 15:41:07 -0700
Processing by LandingController#index as HTML
  Rendering landing/index.html.erb within layouts/application
  Rendered landing/index.html.erb within layouts/application (0.6ms)
Completed 200 OK in 11ms (Views: 10.0ms)


Started GET "/" for ::1 at 2018-08-28 15:41:15 -0700
Processing by LandingController#index as HTML
  Rendering landing/index.html.erb within layouts/application
  Rendered landing/index.html.erb within layouts/application (0.3ms)
Completed 200 OK in 13ms (Views: 11.4ms)


Started GET "/" for ::1 at 2018-08-28 15:42:31 -0700
Processing by LandingController#index as HTML
  Rendering landing/index.html.erb within layouts/application
  Rendered landing/index.html.erb within layouts/application (0.3ms)
Completed 200 OK in 12ms (Views: 10.8ms)


Started GET "/" for ::1 at 2018-08-28 15:44:49 -0700
Processing by LandingController#index as HTML
  Rendering landing/index.html.erb within layouts/application
  Rendered landing/index.html.erb within layouts/application (0.4ms)
Completed 200 OK in 12ms (Views: 10.4ms)


Started GET "/" for ::1 at 2018-08-28 15:56:59 -0700
Processing by LandingController#index as HTML
  Rendering landing/index.html.erb within layouts/application
  Rendered landing/index.html.erb within layouts/application (0.2ms)
Completed 200 OK in 13ms (Views: 11.7ms)


  [1m[35m (0.4ms)[0m  [1m[34mSELECT sqlite_version(*)[0m
  [1m[35m (1.1ms)[0m  [1m[35mCREATE TABLE "schema_migrations" ("version" varchar NOT NULL PRIMARY KEY)[0m
  [1m[35m (1.0ms)[0m  [1m[35mCREATE TABLE "ar_internal_metadata" ("key" varchar NOT NULL PRIMARY KEY, "value" varchar, "created_at" datetime NOT NULL, "updated_at" datetime NOT NULL)[0m
  [1m[35m (0.2ms)[0m  [1m[34mSELECT "schema_migrations"."version" FROM "schema_migrations" ORDER BY "schema_migrations"."version" ASC[0m
Migrating to DeviseCreateUsers (20180922005333)
  [1m[35m (0.1ms)[0m  [1m[36mbegin transaction[0m
  [1m[35m (0.4ms)[0m  [1m[35mCREATE TABLE "users" ("id" INTEGER PRIMARY KEY AUTOINCREMENT NOT NULL, "email" varchar DEFAULT '' NOT NULL, "encrypted_password" varchar DEFAULT '' NOT NULL, "reset_password_token" varchar, "reset_password_sent_at" datetime, "remember_created_at" datetime, "created_at" datetime NOT NULL, "updated_at" datetime NOT NULL)[0m
  [1m[35m (0.1ms)[0m  [1m[35mCREATE UNIQUE INDEX "index_users_on_email" ON "users" ("email")[0m
  [1m[35m (0.0ms)[0m  [1m[34m            SELECT sql
            FROM sqlite_master
            WHERE name='index_users_on_email' AND type='index'
            UNION ALL
            SELECT sql
            FROM sqlite_temp_master
            WHERE name='index_users_on_email' AND type='index'
[0m
  [1m[35m (0.1ms)[0m  [1m[35mCREATE UNIQUE INDEX "index_users_on_reset_password_token" ON "users" ("reset_password_token")[0m
  [1m[35mSQL (0.1ms)[0m  [1m[32mINSERT INTO "schema_migrations" ("version") VALUES (?)[0m  [["version", "20180922005333"]]
  [1m[35m (0.7ms)[0m  [1m[36mcommit transaction[0m
  [1m[36mActiveRecord::InternalMetadata Load (0.1ms)[0m  [1m[34mSELECT  "ar_internal_metadata".* FROM "ar_internal_metadata" WHERE "ar_internal_metadata"."key" = ? LIMIT ?[0m  [["key", "environment"], ["LIMIT", 1]]
  [1m[35m (0.1ms)[0m  [1m[36mbegin transaction[0m
  [1m[35mSQL (0.3ms)[0m  [1m[32mINSERT INTO "ar_internal_metadata" ("key", "value", "created_at", "updated_at") VALUES (?, ?, ?, ?)[0m  [["key", "environment"], ["value", "development"], ["created_at", "2018-09-22 00:53:53.298076"], ["updated_at", "2018-09-22 00:53:53.298076"]]
  [1m[35m (0.6ms)[0m  [1m[36mcommit transaction[0m
  [1m[35m (0.1ms)[0m  [1m[34mSELECT "schema_migrations"."version" FROM "schema_migrations" ORDER BY "schema_migrations"."version" ASC[0m
  [1m[35m (0.1ms)[0m  [1m[34m            SELECT sql
            FROM sqlite_master
            WHERE name='index_users_on_reset_password_token' AND type='index'
            UNION ALL
            SELECT sql
            FROM sqlite_temp_master
            WHERE name='index_users_on_reset_password_token' AND type='index'
[0m
  [1m[35m (0.1ms)[0m  [1m[34m            SELECT sql
            FROM sqlite_master
            WHERE name='index_users_on_email' AND type='index'
            UNION ALL
            SELECT sql
            FROM sqlite_temp_master
            WHERE name='index_users_on_email' AND type='index'
[0m
Started GET "/" for 127.0.0.1 at 2018-09-21 17:56:40 -0700
  [1m[35m (0.1ms)[0m  [1m[34mSELECT "schema_migrations"."version" FROM "schema_migrations" ORDER BY "schema_migrations"."version" ASC[0m
Processing by LandingController#index as HTML
  Rendering landing/index.html.erb within layouts/application
  Rendered landing/index.html.erb within layouts/application (1.2ms)
[Webpacker] Compiling…
[Webpacker] Compiled all packs in /Users/christineduane/Documents/Personal/apocalyptopets/public/packs
Completed 200 OK in 3616ms (Views: 3614.7ms | ActiveRecord: 0.0ms)


Started GET "/users/sign_up" for 127.0.0.1 at 2018-09-21 17:56:59 -0700
Processing by Devise::RegistrationsController#new as HTML
  Rendering /Users/christineduane/.rvm/gems/ruby-2.5.1/gems/devise-4.5.0/app/views/devise/registrations/new.html.erb within layouts/application
  Rendered /Users/christineduane/.rvm/gems/ruby-2.5.1/gems/devise-4.5.0/app/views/devise/shared/_links.html.erb (0.8ms)
  Rendered /Users/christineduane/.rvm/gems/ruby-2.5.1/gems/devise-4.5.0/app/views/devise/registrations/new.html.erb within layouts/application (32.9ms)
Completed 200 OK in 59ms (Views: 45.6ms | ActiveRecord: 0.6ms)


Started POST "/users" for 127.0.0.1 at 2018-09-21 17:57:09 -0700
Processing by Devise::RegistrationsController#create as HTML
  Parameters: {"utf8"=>"✓", "authenticity_token"=>"WE1nC03zxwNsbv3EjtnpKlB7gpHnU3rSxi7BYgnJqfMSEb6yffWE7JVFme2HYkU65EFKK0VxOnk7xQLkS3UjUw==", "user"=>{"email"=>"ckduane@pm.me", "password"=>"[FILTERED]", "password_confirmation"=>"[FILTERED]"}, "commit"=>"Sign up"}
  [1m[35m (0.1ms)[0m  [1m[36mbegin transaction[0m
  [1m[36mUser Exists (0.2ms)[0m  [1m[34mSELECT  1 AS one FROM "users" WHERE "users"."email" = ? LIMIT ?[0m  [["email", "ckduane@pm.me"], ["LIMIT", 1]]
  [1m[35m (0.1ms)[0m  [1m[31mrollback transaction[0m
  Rendering /Users/christineduane/.rvm/gems/ruby-2.5.1/gems/devise-4.5.0/app/views/devise/registrations/new.html.erb within layouts/application
  Rendered /Users/christineduane/.rvm/gems/ruby-2.5.1/gems/devise-4.5.0/app/views/devise/shared/_links.html.erb (0.6ms)
  Rendered /Users/christineduane/.rvm/gems/ruby-2.5.1/gems/devise-4.5.0/app/views/devise/registrations/new.html.erb within layouts/application (5.0ms)
Completed 200 OK in 170ms (Views: 20.3ms | ActiveRecord: 0.4ms)


Started POST "/users" for 127.0.0.1 at 2018-09-21 17:57:19 -0700
Processing by Devise::RegistrationsController#create as HTML
  Parameters: {"utf8"=>"✓", "authenticity_token"=>"X12ntITpBkYAt9AaGMK9GYlZXr5sM6/xbk/KVerSWu0VAX4NtO9FqfmctDMReREJPWOWBM4R71qTpAnTqG7QTQ==", "user"=>{"email"=>"ckduane@pm.me", "password"=>"[FILTERED]", "password_confirmation"=>"[FILTERED]"}, "commit"=>"Sign up"}
  [1m[35m (0.1ms)[0m  [1m[36mbegin transaction[0m
  [1m[36mUser Exists (0.1ms)[0m  [1m[34mSELECT  1 AS one FROM "users" WHERE "users"."email" = ? LIMIT ?[0m  [["email", "ckduane@pm.me"], ["LIMIT", 1]]
  [1m[35mSQL (0.4ms)[0m  [1m[32mINSERT INTO "users" ("email", "encrypted_password", "created_at", "updated_at") VALUES (?, ?, ?, ?)[0m  [["email", "ckduane@pm.me"], ["encrypted_password", "$2a$11$tIHTDEZmr5fwf0G3KPI/reXvh3ythc1dk6nO/6uXBWUd2F/dlJ3zO"], ["created_at", "2018-09-22 00:57:19.817600"], ["updated_at", "2018-09-22 00:57:19.817600"]]
  [1m[35m (0.8ms)[0m  [1m[36mcommit transaction[0m
Redirected to http://localhost:3000/
Completed 302 Found in 146ms (ActiveRecord: 1.5ms)


Started GET "/" for 127.0.0.1 at 2018-09-21 17:57:19 -0700
Processing by LandingController#index as HTML
  Rendering landing/index.html.erb within layouts/application
  Rendered landing/index.html.erb within layouts/application (0.3ms)
Completed 200 OK in 11ms (Views: 10.0ms | ActiveRecord: 0.0ms)


Started GET "/" for 127.0.0.1 at 2018-09-21 17:59:16 -0700
Processing by LandingController#index as HTML
  Rendering landing/index.html.erb within layouts/application
  Rendered landing/index.html.erb within layouts/application (0.2ms)
  [1m[36mUser Load (0.2ms)[0m  [1m[34mSELECT  "users".* FROM "users" WHERE "users"."id" = ? ORDER BY "users"."id" ASC LIMIT ?[0m  [["id", 1], ["LIMIT", 1]]
Completed 200 OK in 14ms (Views: 13.2ms | ActiveRecord: 0.2ms)


Started GET "/users/edit" for 127.0.0.1 at 2018-09-21 17:59:19 -0700
Processing by Devise::RegistrationsController#edit as HTML
  [1m[36mUser Load (0.1ms)[0m  [1m[34mSELECT  "users".* FROM "users" WHERE "users"."id" = ? ORDER BY "users"."id" ASC LIMIT ?[0m  [["id", 1], ["LIMIT", 1]]
  Rendering /Users/christineduane/.rvm/gems/ruby-2.5.1/gems/devise-4.5.0/app/views/devise/registrations/edit.html.erb within layouts/application
  Rendered /Users/christineduane/.rvm/gems/ruby-2.5.1/gems/devise-4.5.0/app/views/devise/registrations/edit.html.erb within layouts/application (2.4ms)
Completed 200 OK in 16ms (Views: 14.8ms | ActiveRecord: 0.1ms)


Started GET "/" for 127.0.0.1 at 2018-11-06 15:36:42 -0800
  [1m[35m (0.5ms)[0m  [1m[34mSELECT "schema_migrations"."version" FROM "schema_migrations" ORDER BY "schema_migrations"."version" ASC[0m
Processing by LandingController#index as HTML
Completed 401 Unauthorized in 17ms (ActiveRecord: 0.0ms)


Started GET "/users/sign_in" for 127.0.0.1 at 2018-11-06 15:36:42 -0800
Processing by Devise::SessionsController#new as HTML
  Rendering /Users/christineduane/.rvm/gems/ruby-2.5.1/gems/devise-4.5.0/app/views/devise/sessions/new.html.erb within layouts/application
  Rendered /Users/christineduane/.rvm/gems/ruby-2.5.1/gems/devise-4.5.0/app/views/devise/shared/_links.html.erb (1.9ms)
  Rendered /Users/christineduane/.rvm/gems/ruby-2.5.1/gems/devise-4.5.0/app/views/devise/sessions/new.html.erb within layouts/application (48.8ms)
Completed 200 OK in 1412ms (Views: 1380.7ms | ActiveRecord: 1.5ms)


Started GET "/packs/application-c5634df4e5532ed498d7.js" for 127.0.0.1 at 2018-11-06 15:36:44 -0800
  
ActionController::RoutingError (No route matches [GET] "/packs/application-c5634df4e5532ed498d7.js"):
  
actionpack (5.1.6) lib/action_dispatch/middleware/debug_exceptions.rb:63:in `call'
web-console (3.6.2) lib/web_console/middleware.rb:135:in `call_app'
web-console (3.6.2) lib/web_console/middleware.rb:30:in `block in call'
web-console (3.6.2) lib/web_console/middleware.rb:20:in `catch'
web-console (3.6.2) lib/web_console/middleware.rb:20:in `call'
actionpack (5.1.6) lib/action_dispatch/middleware/show_exceptions.rb:31:in `call'
railties (5.1.6) lib/rails/rack/logger.rb:36:in `call_app'
railties (5.1.6) lib/rails/rack/logger.rb:24:in `block in call'
activesupport (5.1.6) lib/active_support/tagged_logging.rb:69:in `block in tagged'
activesupport (5.1.6) lib/active_support/tagged_logging.rb:26:in `tagged'
activesupport (5.1.6) lib/active_support/tagged_logging.rb:69:in `tagged'
railties (5.1.6) lib/rails/rack/logger.rb:24:in `call'
sprockets-rails (3.2.1) lib/sprockets/rails/quiet_assets.rb:13:in `call'
actionpack (5.1.6) lib/action_dispatch/middleware/remote_ip.rb:79:in `call'
actionpack (5.1.6) lib/action_dispatch/middleware/request_id.rb:25:in `call'
rack (2.0.5) lib/rack/method_override.rb:22:in `call'
rack (2.0.5) lib/rack/runtime.rb:22:in `call'
activesupport (5.1.6) lib/active_support/cache/strategy/local_cache_middleware.rb:27:in `call'
actionpack (5.1.6) lib/action_dispatch/middleware/executor.rb:12:in `call'
actionpack (5.1.6) lib/action_dispatch/middleware/static.rb:125:in `call'
rack (2.0.5) lib/rack/sendfile.rb:111:in `call'
webpacker (3.5.5) lib/webpacker/dev_server_proxy.rb:22:in `perform_request'
rack-proxy (0.6.4) lib/rack/proxy.rb:57:in `call'
railties (5.1.6) lib/rails/engine.rb:522:in `call'
puma (3.12.0) lib/puma/configuration.rb:225:in `call'
puma (3.12.0) lib/puma/server.rb:658:in `handle_request'
puma (3.12.0) lib/puma/server.rb:472:in `process_client'
puma (3.12.0) lib/puma/server.rb:332:in `block in run'
puma (3.12.0) lib/puma/thread_pool.rb:133:in `block in spawn_thread'
Started GET "/" for 127.0.0.1 at 2018-11-06 15:36:57 -0800
Processing by LandingController#index as HTML
Completed 401 Unauthorized in 1ms (ActiveRecord: 0.0ms)


Started GET "/users/sign_in" for 127.0.0.1 at 2018-11-06 15:36:57 -0800
Processing by Devise::SessionsController#new as HTML
  Rendering /Users/christineduane/.rvm/gems/ruby-2.5.1/gems/devise-4.5.0/app/views/devise/sessions/new.html.erb within layouts/application
  Rendered /Users/christineduane/.rvm/gems/ruby-2.5.1/gems/devise-4.5.0/app/views/devise/shared/_links.html.erb (1.7ms)
  Rendered /Users/christineduane/.rvm/gems/ruby-2.5.1/gems/devise-4.5.0/app/views/devise/sessions/new.html.erb within layouts/application (9.5ms)
Completed 200 OK in 42ms (Views: 40.6ms | ActiveRecord: 0.0ms)


Started GET "/packs/application-c5634df4e5532ed498d7.js" for 127.0.0.1 at 2018-11-06 15:36:57 -0800
  
ActionController::RoutingError (No route matches [GET] "/packs/application-c5634df4e5532ed498d7.js"):
  
actionpack (5.1.6) lib/action_dispatch/middleware/debug_exceptions.rb:63:in `call'
web-console (3.6.2) lib/web_console/middleware.rb:135:in `call_app'
web-console (3.6.2) lib/web_console/middleware.rb:30:in `block in call'
web-console (3.6.2) lib/web_console/middleware.rb:20:in `catch'
web-console (3.6.2) lib/web_console/middleware.rb:20:in `call'
actionpack (5.1.6) lib/action_dispatch/middleware/show_exceptions.rb:31:in `call'
railties (5.1.6) lib/rails/rack/logger.rb:36:in `call_app'
railties (5.1.6) lib/rails/rack/logger.rb:24:in `block in call'
activesupport (5.1.6) lib/active_support/tagged_logging.rb:69:in `block in tagged'
activesupport (5.1.6) lib/active_support/tagged_logging.rb:26:in `tagged'
activesupport (5.1.6) lib/active_support/tagged_logging.rb:69:in `tagged'
railties (5.1.6) lib/rails/rack/logger.rb:24:in `call'
sprockets-rails (3.2.1) lib/sprockets/rails/quiet_assets.rb:13:in `call'
actionpack (5.1.6) lib/action_dispatch/middleware/remote_ip.rb:79:in `call'
actionpack (5.1.6) lib/action_dispatch/middleware/request_id.rb:25:in `call'
rack (2.0.5) lib/rack/method_override.rb:22:in `call'
rack (2.0.5) lib/rack/runtime.rb:22:in `call'
activesupport (5.1.6) lib/active_support/cache/strategy/local_cache_middleware.rb:27:in `call'
actionpack (5.1.6) lib/action_dispatch/middleware/executor.rb:12:in `call'
actionpack (5.1.6) lib/action_dispatch/middleware/static.rb:125:in `call'
rack (2.0.5) lib/rack/sendfile.rb:111:in `call'
webpacker (3.5.5) lib/webpacker/dev_server_proxy.rb:22:in `perform_request'
rack-proxy (0.6.4) lib/rack/proxy.rb:57:in `call'
railties (5.1.6) lib/rails/engine.rb:522:in `call'
puma (3.12.0) lib/puma/configuration.rb:225:in `call'
puma (3.12.0) lib/puma/server.rb:658:in `handle_request'
puma (3.12.0) lib/puma/server.rb:472:in `process_client'
puma (3.12.0) lib/puma/server.rb:332:in `block in run'
puma (3.12.0) lib/puma/thread_pool.rb:133:in `block in spawn_thread'
Started GET "/users/password/new" for 127.0.0.1 at 2018-11-06 15:37:07 -0800
Processing by Devise::PasswordsController#new as HTML
  Rendering /Users/christineduane/.rvm/gems/ruby-2.5.1/gems/devise-4.5.0/app/views/devise/passwords/new.html.erb within layouts/application
  Rendered /Users/christineduane/.rvm/gems/ruby-2.5.1/gems/devise-4.5.0/app/views/devise/shared/_links.html.erb (1.9ms)
  Rendered /Users/christineduane/.rvm/gems/ruby-2.5.1/gems/devise-4.5.0/app/views/devise/passwords/new.html.erb within layouts/application (11.6ms)
Completed 200 OK in 35ms (Views: 31.8ms | ActiveRecord: 0.0ms)


Started GET "/packs/application-c5634df4e5532ed498d7.js" for 127.0.0.1 at 2018-11-06 15:37:07 -0800
  
ActionController::RoutingError (No route matches [GET] "/packs/application-c5634df4e5532ed498d7.js"):
  
actionpack (5.1.6) lib/action_dispatch/middleware/debug_exceptions.rb:63:in `call'
web-console (3.6.2) lib/web_console/middleware.rb:135:in `call_app'
web-console (3.6.2) lib/web_console/middleware.rb:30:in `block in call'
web-console (3.6.2) lib/web_console/middleware.rb:20:in `catch'
web-console (3.6.2) lib/web_console/middleware.rb:20:in `call'
actionpack (5.1.6) lib/action_dispatch/middleware/show_exceptions.rb:31:in `call'
railties (5.1.6) lib/rails/rack/logger.rb:36:in `call_app'
railties (5.1.6) lib/rails/rack/logger.rb:24:in `block in call'
activesupport (5.1.6) lib/active_support/tagged_logging.rb:69:in `block in tagged'
activesupport (5.1.6) lib/active_support/tagged_logging.rb:26:in `tagged'
activesupport (5.1.6) lib/active_support/tagged_logging.rb:69:in `tagged'
railties (5.1.6) lib/rails/rack/logger.rb:24:in `call'
sprockets-rails (3.2.1) lib/sprockets/rails/quiet_assets.rb:13:in `call'
actionpack (5.1.6) lib/action_dispatch/middleware/remote_ip.rb:79:in `call'
actionpack (5.1.6) lib/action_dispatch/middleware/request_id.rb:25:in `call'
rack (2.0.5) lib/rack/method_override.rb:22:in `call'
rack (2.0.5) lib/rack/runtime.rb:22:in `call'
activesupport (5.1.6) lib/active_support/cache/strategy/local_cache_middleware.rb:27:in `call'
actionpack (5.1.6) lib/action_dispatch/middleware/executor.rb:12:in `call'
actionpack (5.1.6) lib/action_dispatch/middleware/static.rb:125:in `call'
rack (2.0.5) lib/rack/sendfile.rb:111:in `call'
webpacker (3.5.5) lib/webpacker/dev_server_proxy.rb:22:in `perform_request'
rack-proxy (0.6.4) lib/rack/proxy.rb:57:in `call'
railties (5.1.6) lib/rails/engine.rb:522:in `call'
puma (3.12.0) lib/puma/configuration.rb:225:in `call'
puma (3.12.0) lib/puma/server.rb:658:in `handle_request'
puma (3.12.0) lib/puma/server.rb:472:in `process_client'
puma (3.12.0) lib/puma/server.rb:332:in `block in run'
puma (3.12.0) lib/puma/thread_pool.rb:133:in `block in spawn_thread'
Started GET "/users/sign_up" for 127.0.0.1 at 2018-11-06 15:37:16 -0800
Processing by Devise::RegistrationsController#new as HTML
  Rendering /Users/christineduane/.rvm/gems/ruby-2.5.1/gems/devise-4.5.0/app/views/devise/registrations/new.html.erb within layouts/application
  Rendered /Users/christineduane/.rvm/gems/ruby-2.5.1/gems/devise-4.5.0/app/views/devise/shared/_links.html.erb (0.7ms)
  Rendered /Users/christineduane/.rvm/gems/ruby-2.5.1/gems/devise-4.5.0/app/views/devise/registrations/new.html.erb within layouts/application (4.9ms)
Completed 200 OK in 26ms (Views: 25.4ms | ActiveRecord: 0.0ms)


Started GET "/packs/application-c5634df4e5532ed498d7.js" for 127.0.0.1 at 2018-11-06 15:37:16 -0800
  
ActionController::RoutingError (No route matches [GET] "/packs/application-c5634df4e5532ed498d7.js"):
  
actionpack (5.1.6) lib/action_dispatch/middleware/debug_exceptions.rb:63:in `call'
web-console (3.6.2) lib/web_console/middleware.rb:135:in `call_app'
web-console (3.6.2) lib/web_console/middleware.rb:30:in `block in call'
web-console (3.6.2) lib/web_console/middleware.rb:20:in `catch'
web-console (3.6.2) lib/web_console/middleware.rb:20:in `call'
actionpack (5.1.6) lib/action_dispatch/middleware/show_exceptions.rb:31:in `call'
railties (5.1.6) lib/rails/rack/logger.rb:36:in `call_app'
railties (5.1.6) lib/rails/rack/logger.rb:24:in `block in call'
activesupport (5.1.6) lib/active_support/tagged_logging.rb:69:in `block in tagged'
activesupport (5.1.6) lib/active_support/tagged_logging.rb:26:in `tagged'
activesupport (5.1.6) lib/active_support/tagged_logging.rb:69:in `tagged'
railties (5.1.6) lib/rails/rack/logger.rb:24:in `call'
sprockets-rails (3.2.1) lib/sprockets/rails/quiet_assets.rb:13:in `call'
actionpack (5.1.6) lib/action_dispatch/middleware/remote_ip.rb:79:in `call'
actionpack (5.1.6) lib/action_dispatch/middleware/request_id.rb:25:in `call'
rack (2.0.5) lib/rack/method_override.rb:22:in `call'
rack (2.0.5) lib/rack/runtime.rb:22:in `call'
activesupport (5.1.6) lib/active_support/cache/strategy/local_cache_middleware.rb:27:in `call'
actionpack (5.1.6) lib/action_dispatch/middleware/executor.rb:12:in `call'
actionpack (5.1.6) lib/action_dispatch/middleware/static.rb:125:in `call'
rack (2.0.5) lib/rack/sendfile.rb:111:in `call'
webpacker (3.5.5) lib/webpacker/dev_server_proxy.rb:22:in `perform_request'
rack-proxy (0.6.4) lib/rack/proxy.rb:57:in `call'
railties (5.1.6) lib/rails/engine.rb:522:in `call'
puma (3.12.0) lib/puma/configuration.rb:225:in `call'
puma (3.12.0) lib/puma/server.rb:658:in `handle_request'
puma (3.12.0) lib/puma/server.rb:472:in `process_client'
puma (3.12.0) lib/puma/server.rb:332:in `block in run'
puma (3.12.0) lib/puma/thread_pool.rb:133:in `block in spawn_thread'
Started POST "/users" for 127.0.0.1 at 2018-11-06 15:37:52 -0800
Processing by Devise::RegistrationsController#create as HTML
  Parameters: {"utf8"=>"✓", "authenticity_token"=>"GBlGVSP9fQDVhB1mrSl4YzHppkXClFyeNWRLQ9qZbK/6AKlfU3d+s224sWuS7ZNU2CPhqZaatfFPPHmkotPZ6w==", "user"=>{"email"=>"test@test.com", "password"=>"[FILTERED]", "password_confirmation"=>"[FILTERED]"}, "commit"=>"Sign up"}
  [1m[35m (0.2ms)[0m  [1m[36mbegin transaction[0m
  [1m[36mUser Exists (0.4ms)[0m  [1m[34mSELECT  1 AS one FROM "users" WHERE "users"."email" = ? LIMIT ?[0m  [["email", "test@test.com"], ["LIMIT", 1]]
  [1m[35mSQL (2.2ms)[0m  [1m[32mINSERT INTO "users" ("email", "encrypted_password", "created_at", "updated_at") VALUES (?, ?, ?, ?)[0m  [["email", "test@test.com"], ["encrypted_password", "$2a$11$VJspN.2eUESI1kwu8zVfJuU1qI49NYhgvpWtyVMOpIUib1VZLVG.i"], ["created_at", "2018-11-06 23:37:52.540975"], ["updated_at", "2018-11-06 23:37:52.540975"]]
  [1m[35m (2.3ms)[0m  [1m[36mcommit transaction[0m
Redirected to http://localhost:3000/
Completed 302 Found in 155ms (ActiveRecord: 5.1ms)


Started GET "/" for 127.0.0.1 at 2018-11-06 15:37:52 -0800
Processing by LandingController#index as HTML
  [1m[36mUser Load (0.3ms)[0m  [1m[34mSELECT  "users".* FROM "users" WHERE "users"."id" = ? ORDER BY "users"."id" ASC LIMIT ?[0m  [["id", 2], ["LIMIT", 1]]
  Rendering landing/index.html.erb within layouts/application
  Rendered landing/index.html.erb within layouts/application (0.4ms)
Completed 200 OK in 33ms (Views: 27.1ms | ActiveRecord: 0.3ms)


Started GET "/packs/application-c5634df4e5532ed498d7.js" for 127.0.0.1 at 2018-11-06 15:37:52 -0800
  
ActionController::RoutingError (No route matches [GET] "/packs/application-c5634df4e5532ed498d7.js"):
  
actionpack (5.1.6) lib/action_dispatch/middleware/debug_exceptions.rb:63:in `call'
web-console (3.6.2) lib/web_console/middleware.rb:135:in `call_app'
web-console (3.6.2) lib/web_console/middleware.rb:30:in `block in call'
web-console (3.6.2) lib/web_console/middleware.rb:20:in `catch'
web-console (3.6.2) lib/web_console/middleware.rb:20:in `call'
actionpack (5.1.6) lib/action_dispatch/middleware/show_exceptions.rb:31:in `call'
railties (5.1.6) lib/rails/rack/logger.rb:36:in `call_app'
railties (5.1.6) lib/rails/rack/logger.rb:24:in `block in call'
activesupport (5.1.6) lib/active_support/tagged_logging.rb:69:in `block in tagged'
activesupport (5.1.6) lib/active_support/tagged_logging.rb:26:in `tagged'
activesupport (5.1.6) lib/active_support/tagged_logging.rb:69:in `tagged'
railties (5.1.6) lib/rails/rack/logger.rb:24:in `call'
sprockets-rails (3.2.1) lib/sprockets/rails/quiet_assets.rb:13:in `call'
actionpack (5.1.6) lib/action_dispatch/middleware/remote_ip.rb:79:in `call'
actionpack (5.1.6) lib/action_dispatch/middleware/request_id.rb:25:in `call'
rack (2.0.5) lib/rack/method_override.rb:22:in `call'
rack (2.0.5) lib/rack/runtime.rb:22:in `call'
activesupport (5.1.6) lib/active_support/cache/strategy/local_cache_middleware.rb:27:in `call'
actionpack (5.1.6) lib/action_dispatch/middleware/executor.rb:12:in `call'
actionpack (5.1.6) lib/action_dispatch/middleware/static.rb:125:in `call'
rack (2.0.5) lib/rack/sendfile.rb:111:in `call'
webpacker (3.5.5) lib/webpacker/dev_server_proxy.rb:22:in `perform_request'
rack-proxy (0.6.4) lib/rack/proxy.rb:57:in `call'
railties (5.1.6) lib/rails/engine.rb:522:in `call'
puma (3.12.0) lib/puma/configuration.rb:225:in `call'
puma (3.12.0) lib/puma/server.rb:658:in `handle_request'
puma (3.12.0) lib/puma/server.rb:472:in `process_client'
puma (3.12.0) lib/puma/server.rb:332:in `block in run'
puma (3.12.0) lib/puma/thread_pool.rb:133:in `block in spawn_thread'
Started GET "/index" for 127.0.0.1 at 2018-11-06 15:38:30 -0800
  
ActionController::RoutingError (No route matches [GET] "/index"):
  
actionpack (5.1.6) lib/action_dispatch/middleware/debug_exceptions.rb:63:in `call'
web-console (3.6.2) lib/web_console/middleware.rb:135:in `call_app'
web-console (3.6.2) lib/web_console/middleware.rb:30:in `block in call'
web-console (3.6.2) lib/web_console/middleware.rb:20:in `catch'
web-console (3.6.2) lib/web_console/middleware.rb:20:in `call'
actionpack (5.1.6) lib/action_dispatch/middleware/show_exceptions.rb:31:in `call'
railties (5.1.6) lib/rails/rack/logger.rb:36:in `call_app'
railties (5.1.6) lib/rails/rack/logger.rb:24:in `block in call'
activesupport (5.1.6) lib/active_support/tagged_logging.rb:69:in `block in tagged'
activesupport (5.1.6) lib/active_support/tagged_logging.rb:26:in `tagged'
activesupport (5.1.6) lib/active_support/tagged_logging.rb:69:in `tagged'
railties (5.1.6) lib/rails/rack/logger.rb:24:in `call'
sprockets-rails (3.2.1) lib/sprockets/rails/quiet_assets.rb:13:in `call'
actionpack (5.1.6) lib/action_dispatch/middleware/remote_ip.rb:79:in `call'
actionpack (5.1.6) lib/action_dispatch/middleware/request_id.rb:25:in `call'
rack (2.0.5) lib/rack/method_override.rb:22:in `call'
rack (2.0.5) lib/rack/runtime.rb:22:in `call'
activesupport (5.1.6) lib/active_support/cache/strategy/local_cache_middleware.rb:27:in `call'
actionpack (5.1.6) lib/action_dispatch/middleware/executor.rb:12:in `call'
actionpack (5.1.6) lib/action_dispatch/middleware/static.rb:125:in `call'
rack (2.0.5) lib/rack/sendfile.rb:111:in `call'
webpacker (3.5.5) lib/webpacker/dev_server_proxy.rb:22:in `perform_request'
rack-proxy (0.6.4) lib/rack/proxy.rb:57:in `call'
railties (5.1.6) lib/rails/engine.rb:522:in `call'
puma (3.12.0) lib/puma/configuration.rb:225:in `call'
puma (3.12.0) lib/puma/server.rb:658:in `handle_request'
puma (3.12.0) lib/puma/server.rb:472:in `process_client'
puma (3.12.0) lib/puma/server.rb:332:in `block in run'
puma (3.12.0) lib/puma/thread_pool.rb:133:in `block in spawn_thread'
Started GET "/" for 127.0.0.1 at 2018-11-06 15:40:39 -0800
Processing by LandingController#index as HTML
  [1m[36mUser Load (0.2ms)[0m  [1m[34mSELECT  "users".* FROM "users" WHERE "users"."id" = ? ORDER BY "users"."id" ASC LIMIT ?[0m  [["id", 2], ["LIMIT", 1]]
  Rendering landing/index.html.erb within layouts/application
  Rendered landing/index.html.erb within layouts/application (0.3ms)
Completed 200 OK in 36ms (Views: 31.1ms | ActiveRecord: 0.2ms)


Started GET "/packs/application-c5634df4e5532ed498d7.js" for 127.0.0.1 at 2018-11-06 15:40:39 -0800
  
ActionController::RoutingError (No route matches [GET] "/packs/application-c5634df4e5532ed498d7.js"):
  
actionpack (5.1.6) lib/action_dispatch/middleware/debug_exceptions.rb:63:in `call'
web-console (3.6.2) lib/web_console/middleware.rb:135:in `call_app'
web-console (3.6.2) lib/web_console/middleware.rb:30:in `block in call'
web-console (3.6.2) lib/web_console/middleware.rb:20:in `catch'
web-console (3.6.2) lib/web_console/middleware.rb:20:in `call'
actionpack (5.1.6) lib/action_dispatch/middleware/show_exceptions.rb:31:in `call'
railties (5.1.6) lib/rails/rack/logger.rb:36:in `call_app'
railties (5.1.6) lib/rails/rack/logger.rb:24:in `block in call'
activesupport (5.1.6) lib/active_support/tagged_logging.rb:69:in `block in tagged'
activesupport (5.1.6) lib/active_support/tagged_logging.rb:26:in `tagged'
activesupport (5.1.6) lib/active_support/tagged_logging.rb:69:in `tagged'
railties (5.1.6) lib/rails/rack/logger.rb:24:in `call'
sprockets-rails (3.2.1) lib/sprockets/rails/quiet_assets.rb:13:in `call'
actionpack (5.1.6) lib/action_dispatch/middleware/remote_ip.rb:79:in `call'
actionpack (5.1.6) lib/action_dispatch/middleware/request_id.rb:25:in `call'
rack (2.0.5) lib/rack/method_override.rb:22:in `call'
rack (2.0.5) lib/rack/runtime.rb:22:in `call'
activesupport (5.1.6) lib/active_support/cache/strategy/local_cache_middleware.rb:27:in `call'
actionpack (5.1.6) lib/action_dispatch/middleware/executor.rb:12:in `call'
actionpack (5.1.6) lib/action_dispatch/middleware/static.rb:125:in `call'
rack (2.0.5) lib/rack/sendfile.rb:111:in `call'
webpacker (3.5.5) lib/webpacker/dev_server_proxy.rb:22:in `perform_request'
rack-proxy (0.6.4) lib/rack/proxy.rb:57:in `call'
railties (5.1.6) lib/rails/engine.rb:522:in `call'
puma (3.12.0) lib/puma/configuration.rb:225:in `call'
puma (3.12.0) lib/puma/server.rb:658:in `handle_request'
puma (3.12.0) lib/puma/server.rb:472:in `process_client'
puma (3.12.0) lib/puma/server.rb:332:in `block in run'
puma (3.12.0) lib/puma/thread_pool.rb:133:in `block in spawn_thread'
Started GET "/" for ::1 at 2018-11-06 15:49:06 -0800
  [1m[35m (0.4ms)[0m  [1m[34mSELECT "schema_migrations"."version" FROM "schema_migrations" ORDER BY "schema_migrations"."version" ASC[0m
Processing by LandingController#index as HTML
  [1m[36mUser Load (0.2ms)[0m  [1m[34mSELECT  "users".* FROM "users" WHERE "users"."id" = ? ORDER BY "users"."id" ASC LIMIT ?[0m  [["id", 2], ["LIMIT", 1]]
  Rendering landing/index.html.erb within layouts/application
  Rendered landing/index.html.erb within layouts/application (2.3ms)
Completed 200 OK in 1467ms (Views: 1409.3ms | ActiveRecord: 1.1ms)


Started GET "/" for ::1 at 2018-11-06 16:36:41 -0800
Processing by LandingController#index as HTML
  [1m[36mUser Load (0.2ms)[0m  [1m[34mSELECT  "users".* FROM "users" WHERE "users"."id" = ? ORDER BY "users"."id" ASC LIMIT ?[0m  [["id", 2], ["LIMIT", 1]]
  Rendering landing/index.html.erb within layouts/application
  Rendered landing/index.html.erb within layouts/application (0.5ms)
Completed 200 OK in 66ms (Views: 63.1ms | ActiveRecord: 0.2ms)


Started GET "/" for ::1 at 2018-11-06 16:41:19 -0800
Processing by LandingController#index as HTML
  [1m[36mUser Load (0.2ms)[0m  [1m[34mSELECT  "users".* FROM "users" WHERE "users"."id" = ? ORDER BY "users"."id" ASC LIMIT ?[0m  [["id", 2], ["LIMIT", 1]]
  Rendering landing/index.html.erb within layouts/application
  Rendered landing/index.html.erb within layouts/application (0.3ms)
Completed 200 OK in 56ms (Views: 53.5ms | ActiveRecord: 0.2ms)


Started GET "/" for ::1 at 2018-11-06 16:51:37 -0800
Processing by LandingController#index as HTML
  [1m[36mUser Load (0.3ms)[0m  [1m[34mSELECT  "users".* FROM "users" WHERE "users"."id" = ? ORDER BY "users"."id" ASC LIMIT ?[0m  [["id", 2], ["LIMIT", 1]]
  Rendering landing/index.html.erb within layouts/application
  Rendered landing/index.html.erb within layouts/application (0.8ms)
Completed 200 OK in 66ms (Views: 63.1ms | ActiveRecord: 0.3ms)


Started GET "/" for ::1 at 2018-11-07 10:00:21 -0800
  [1m[35m (0.1ms)[0m  [1m[34mSELECT "schema_migrations"."version" FROM "schema_migrations" ORDER BY "schema_migrations"."version" ASC[0m
Processing by LandingController#index as HTML
Completed 401 Unauthorized in 15ms (ActiveRecord: 0.0ms)


Started GET "/users/sign_in" for ::1 at 2018-11-07 10:00:21 -0800
Processing by Devise::SessionsController#new as HTML
  Rendering /Users/christineduane/.rvm/gems/ruby-2.5.1/gems/devise-4.5.0/app/views/devise/sessions/new.html.erb within layouts/application
  Rendered /Users/christineduane/.rvm/gems/ruby-2.5.1/gems/devise-4.5.0/app/views/devise/shared/_links.html.erb (3.3ms)
  Rendered /Users/christineduane/.rvm/gems/ruby-2.5.1/gems/devise-4.5.0/app/views/devise/sessions/new.html.erb within layouts/application (29.6ms)
Completed 200 OK in 1500ms (Views: 1483.3ms | ActiveRecord: 1.1ms)


Started GET "/users/sign_in" for ::1 at 2018-11-07 10:14:18 -0800
Processing by Devise::SessionsController#new as HTML
  Rendering /Users/christineduane/.rvm/gems/ruby-2.5.1/gems/devise-4.5.0/app/views/devise/sessions/new.html.erb within layouts/application
  Rendered /Users/christineduane/.rvm/gems/ruby-2.5.1/gems/devise-4.5.0/app/views/devise/shared/_links.html.erb (1.0ms)
  Rendered /Users/christineduane/.rvm/gems/ruby-2.5.1/gems/devise-4.5.0/app/views/devise/sessions/new.html.erb within layouts/application (5.2ms)
Completed 200 OK in 35ms (Views: 25.1ms | ActiveRecord: 0.9ms)


Started GET "/users/sign_in" for ::1 at 2018-11-07 14:34:54 -0800
  
ActiveRecord::NoDatabaseError (FATAL:  database "db/development.postgresql" does not exist
):
  
activerecord (5.1.6) lib/active_record/connection_adapters/postgresql_adapter.rb:701:in `rescue in connect'
activerecord (5.1.6) lib/active_record/connection_adapters/postgresql_adapter.rb:696:in `connect'
activerecord (5.1.6) lib/active_record/connection_adapters/postgresql_adapter.rb:221:in `initialize'
activerecord (5.1.6) lib/active_record/connection_adapters/postgresql_adapter.rb:38:in `new'
activerecord (5.1.6) lib/active_record/connection_adapters/postgresql_adapter.rb:38:in `postgresql_connection'
activerecord (5.1.6) lib/active_record/connection_adapters/abstract/connection_pool.rb:759:in `new_connection'
activerecord (5.1.6) lib/active_record/connection_adapters/abstract/connection_pool.rb:803:in `checkout_new_connection'
activerecord (5.1.6) lib/active_record/connection_adapters/abstract/connection_pool.rb:782:in `try_to_checkout_new_connection'
activerecord (5.1.6) lib/active_record/connection_adapters/abstract/connection_pool.rb:743:in `acquire_connection'
activerecord (5.1.6) lib/active_record/connection_adapters/abstract/connection_pool.rb:500:in `checkout'
activerecord (5.1.6) lib/active_record/connection_adapters/abstract/connection_pool.rb:374:in `connection'
activerecord (5.1.6) lib/active_record/connection_adapters/abstract/connection_pool.rb:931:in `retrieve_connection'
activerecord (5.1.6) lib/active_record/connection_handling.rb:116:in `retrieve_connection'
activerecord (5.1.6) lib/active_record/connection_handling.rb:88:in `connection'
activerecord (5.1.6) lib/active_record/migration.rb:562:in `connection'
activerecord (5.1.6) lib/active_record/migration.rb:553:in `call'
actionpack (5.1.6) lib/action_dispatch/middleware/callbacks.rb:26:in `block in call'
activesupport (5.1.6) lib/active_support/callbacks.rb:97:in `run_callbacks'
actionpack (5.1.6) lib/action_dispatch/middleware/callbacks.rb:24:in `call'
actionpack (5.1.6) lib/action_dispatch/middleware/executor.rb:12:in `call'
actionpack (5.1.6) lib/action_dispatch/middleware/debug_exceptions.rb:59:in `call'
web-console (3.6.2) lib/web_console/middleware.rb:135:in `call_app'
web-console (3.6.2) lib/web_console/middleware.rb:30:in `block in call'
web-console (3.6.2) lib/web_console/middleware.rb:20:in `catch'
web-console (3.6.2) lib/web_console/middleware.rb:20:in `call'
actionpack (5.1.6) lib/action_dispatch/middleware/show_exceptions.rb:31:in `call'
railties (5.1.6) lib/rails/rack/logger.rb:36:in `call_app'
railties (5.1.6) lib/rails/rack/logger.rb:24:in `block in call'
activesupport (5.1.6) lib/active_support/tagged_logging.rb:69:in `block in tagged'
activesupport (5.1.6) lib/active_support/tagged_logging.rb:26:in `tagged'
activesupport (5.1.6) lib/active_support/tagged_logging.rb:69:in `tagged'
railties (5.1.6) lib/rails/rack/logger.rb:24:in `call'
sprockets-rails (3.2.1) lib/sprockets/rails/quiet_assets.rb:13:in `call'
actionpack (5.1.6) lib/action_dispatch/middleware/remote_ip.rb:79:in `call'
actionpack (5.1.6) lib/action_dispatch/middleware/request_id.rb:25:in `call'
rack (2.0.5) lib/rack/method_override.rb:22:in `call'
rack (2.0.5) lib/rack/runtime.rb:22:in `call'
activesupport (5.1.6) lib/active_support/cache/strategy/local_cache_middleware.rb:27:in `call'
actionpack (5.1.6) lib/action_dispatch/middleware/executor.rb:12:in `call'
actionpack (5.1.6) lib/action_dispatch/middleware/static.rb:125:in `call'
rack (2.0.5) lib/rack/sendfile.rb:111:in `call'
webpacker (3.5.5) lib/webpacker/dev_server_proxy.rb:22:in `perform_request'
rack-proxy (0.6.4) lib/rack/proxy.rb:57:in `call'
railties (5.1.6) lib/rails/engine.rb:522:in `call'
puma (3.12.0) lib/puma/configuration.rb:225:in `call'
puma (3.12.0) lib/puma/server.rb:658:in `handle_request'
puma (3.12.0) lib/puma/server.rb:472:in `process_client'
puma (3.12.0) lib/puma/server.rb:332:in `block in run'
puma (3.12.0) lib/puma/thread_pool.rb:133:in `block in spawn_thread'
  [1m[35m (0.2ms)[0m  [1m[35mDROP TABLE IF EXISTS "users" CASCADE[0m
  [1m[35m (22.3ms)[0m  [1m[35mCREATE TABLE "users" ("id" bigserial primary key, "email" character varying DEFAULT '' NOT NULL, "encrypted_password" character varying DEFAULT '' NOT NULL, "reset_password_token" character varying, "reset_password_sent_at" timestamp, "remember_created_at" timestamp, "created_at" timestamp NOT NULL, "updated_at" timestamp NOT NULL)[0m
  [1m[35m (1.0ms)[0m  [1m[35mCREATE UNIQUE INDEX  "index_users_on_email" ON "users"  ("email")[0m
  [1m[35m (1.0ms)[0m  [1m[35mCREATE UNIQUE INDEX  "index_users_on_reset_password_token" ON "users"  ("reset_password_token")[0m
  [1m[35m (2.6ms)[0m  [1m[35mCREATE TABLE "schema_migrations" ("version" character varying NOT NULL PRIMARY KEY)[0m
  [1m[35m (0.5ms)[0m  [1m[34mSELECT "schema_migrations"."version" FROM "schema_migrations" ORDER BY "schema_migrations"."version" ASC[0m
  [1m[35m (5.8ms)[0m  [1m[32mINSERT INTO "schema_migrations" (version) VALUES (20180922005333)[0m
  [1m[35m (24.3ms)[0m  [1m[35mCREATE TABLE "ar_internal_metadata" ("key" character varying NOT NULL PRIMARY KEY, "value" character varying, "created_at" timestamp NOT NULL, "updated_at" timestamp NOT NULL)[0m
  [1m[36mActiveRecord::InternalMetadata Load (0.4ms)[0m  [1m[34mSELECT  "ar_internal_metadata".* FROM "ar_internal_metadata" WHERE "ar_internal_metadata"."key" = $1 LIMIT $2[0m  [["key", "environment"], ["LIMIT", 1]]
  [1m[35m (0.2ms)[0m  [1m[35mBEGIN[0m
  [1m[35mSQL (0.8ms)[0m  [1m[32mINSERT INTO "ar_internal_metadata" ("key", "value", "created_at", "updated_at") VALUES ($1, $2, $3, $4) RETURNING "key"[0m  [["key", "environment"], ["value", "development"], ["created_at", "2018-11-07 22:36:11.947795"], ["updated_at", "2018-11-07 22:36:11.947795"]]
  [1m[35m (0.2ms)[0m  [1m[35mCOMMIT[0m
  [1m[36mActiveRecord::InternalMetadata Load (0.2ms)[0m  [1m[34mSELECT  "ar_internal_metadata".* FROM "ar_internal_metadata" WHERE "ar_internal_metadata"."key" = $1 LIMIT $2[0m  [["key", "environment"], ["LIMIT", 1]]
  [1m[35m (0.1ms)[0m  [1m[35mBEGIN[0m
  [1m[35m (0.1ms)[0m  [1m[35mCOMMIT[0m
  [1m[35m (0.6ms)[0m  [1m[34mSELECT "schema_migrations"."version" FROM "schema_migrations" ORDER BY "schema_migrations"."version" ASC[0m
  [1m[35m (0.2ms)[0m  [1m[34mSELECT pg_try_advisory_lock(3746314354844354685)[0m
  [1m[35m (0.5ms)[0m  [1m[34mSELECT "schema_migrations"."version" FROM "schema_migrations" ORDER BY "schema_migrations"."version" ASC[0m
  [1m[36mActiveRecord::InternalMetadata Load (0.3ms)[0m  [1m[34mSELECT  "ar_internal_metadata".* FROM "ar_internal_metadata" WHERE "ar_internal_metadata"."key" = $1 LIMIT $2[0m  [["key", "environment"], ["LIMIT", 1]]
  [1m[35m (0.2ms)[0m  [1m[35mBEGIN[0m
  [1m[35m (0.1ms)[0m  [1m[35mCOMMIT[0m
  [1m[35m (0.2ms)[0m  [1m[34mSELECT pg_advisory_unlock(3746314354844354685)[0m
  [1m[35m (0.2ms)[0m  [1m[34mSELECT "schema_migrations"."version" FROM "schema_migrations" ORDER BY "schema_migrations"."version" ASC[0m
Started GET "/users/sign_in" for ::1 at 2018-11-07 14:38:13 -0800
  
ActiveRecord::NoDatabaseError (FATAL:  database "db/development.postgresql" does not exist
):
  
activerecord (5.1.6) lib/active_record/connection_adapters/postgresql_adapter.rb:701:in `rescue in connect'
activerecord (5.1.6) lib/active_record/connection_adapters/postgresql_adapter.rb:696:in `connect'
activerecord (5.1.6) lib/active_record/connection_adapters/postgresql_adapter.rb:221:in `initialize'
activerecord (5.1.6) lib/active_record/connection_adapters/postgresql_adapter.rb:38:in `new'
activerecord (5.1.6) lib/active_record/connection_adapters/postgresql_adapter.rb:38:in `postgresql_connection'
activerecord (5.1.6) lib/active_record/connection_adapters/abstract/connection_pool.rb:759:in `new_connection'
activerecord (5.1.6) lib/active_record/connection_adapters/abstract/connection_pool.rb:803:in `checkout_new_connection'
activerecord (5.1.6) lib/active_record/connection_adapters/abstract/connection_pool.rb:782:in `try_to_checkout_new_connection'
activerecord (5.1.6) lib/active_record/connection_adapters/abstract/connection_pool.rb:743:in `acquire_connection'
activerecord (5.1.6) lib/active_record/connection_adapters/abstract/connection_pool.rb:500:in `checkout'
activerecord (5.1.6) lib/active_record/connection_adapters/abstract/connection_pool.rb:374:in `connection'
activerecord (5.1.6) lib/active_record/connection_adapters/abstract/connection_pool.rb:931:in `retrieve_connection'
activerecord (5.1.6) lib/active_record/connection_handling.rb:116:in `retrieve_connection'
activerecord (5.1.6) lib/active_record/connection_handling.rb:88:in `connection'
activerecord (5.1.6) lib/active_record/migration.rb:562:in `connection'
activerecord (5.1.6) lib/active_record/migration.rb:553:in `call'
actionpack (5.1.6) lib/action_dispatch/middleware/callbacks.rb:26:in `block in call'
activesupport (5.1.6) lib/active_support/callbacks.rb:97:in `run_callbacks'
actionpack (5.1.6) lib/action_dispatch/middleware/callbacks.rb:24:in `call'
actionpack (5.1.6) lib/action_dispatch/middleware/executor.rb:12:in `call'
actionpack (5.1.6) lib/action_dispatch/middleware/debug_exceptions.rb:59:in `call'
web-console (3.6.2) lib/web_console/middleware.rb:135:in `call_app'
web-console (3.6.2) lib/web_console/middleware.rb:30:in `block in call'
web-console (3.6.2) lib/web_console/middleware.rb:20:in `catch'
web-console (3.6.2) lib/web_console/middleware.rb:20:in `call'
actionpack (5.1.6) lib/action_dispatch/middleware/show_exceptions.rb:31:in `call'
railties (5.1.6) lib/rails/rack/logger.rb:36:in `call_app'
railties (5.1.6) lib/rails/rack/logger.rb:24:in `block in call'
activesupport (5.1.6) lib/active_support/tagged_logging.rb:69:in `block in tagged'
activesupport (5.1.6) lib/active_support/tagged_logging.rb:26:in `tagged'
activesupport (5.1.6) lib/active_support/tagged_logging.rb:69:in `tagged'
railties (5.1.6) lib/rails/rack/logger.rb:24:in `call'
sprockets-rails (3.2.1) lib/sprockets/rails/quiet_assets.rb:13:in `call'
actionpack (5.1.6) lib/action_dispatch/middleware/remote_ip.rb:79:in `call'
actionpack (5.1.6) lib/action_dispatch/middleware/request_id.rb:25:in `call'
rack (2.0.5) lib/rack/method_override.rb:22:in `call'
rack (2.0.5) lib/rack/runtime.rb:22:in `call'
activesupport (5.1.6) lib/active_support/cache/strategy/local_cache_middleware.rb:27:in `call'
actionpack (5.1.6) lib/action_dispatch/middleware/executor.rb:12:in `call'
actionpack (5.1.6) lib/action_dispatch/middleware/static.rb:125:in `call'
rack (2.0.5) lib/rack/sendfile.rb:111:in `call'
webpacker (3.5.5) lib/webpacker/dev_server_proxy.rb:22:in `perform_request'
rack-proxy (0.6.4) lib/rack/proxy.rb:57:in `call'
railties (5.1.6) lib/rails/engine.rb:522:in `call'
puma (3.12.0) lib/puma/configuration.rb:225:in `call'
puma (3.12.0) lib/puma/server.rb:658:in `handle_request'
puma (3.12.0) lib/puma/server.rb:472:in `process_client'
puma (3.12.0) lib/puma/server.rb:332:in `block in run'
puma (3.12.0) lib/puma/thread_pool.rb:133:in `block in spawn_thread'
Started GET "/users/sign_in" for ::1 at 2018-11-07 14:38:16 -0800
  
ActiveRecord::NoDatabaseError (FATAL:  database "db/development.postgresql" does not exist
):
  
activerecord (5.1.6) lib/active_record/connection_adapters/postgresql_adapter.rb:701:in `rescue in connect'
activerecord (5.1.6) lib/active_record/connection_adapters/postgresql_adapter.rb:696:in `connect'
activerecord (5.1.6) lib/active_record/connection_adapters/postgresql_adapter.rb:221:in `initialize'
activerecord (5.1.6) lib/active_record/connection_adapters/postgresql_adapter.rb:38:in `new'
activerecord (5.1.6) lib/active_record/connection_adapters/postgresql_adapter.rb:38:in `postgresql_connection'
activerecord (5.1.6) lib/active_record/connection_adapters/abstract/connection_pool.rb:759:in `new_connection'
activerecord (5.1.6) lib/active_record/connection_adapters/abstract/connection_pool.rb:803:in `checkout_new_connection'
activerecord (5.1.6) lib/active_record/connection_adapters/abstract/connection_pool.rb:782:in `try_to_checkout_new_connection'
activerecord (5.1.6) lib/active_record/connection_adapters/abstract/connection_pool.rb:743:in `acquire_connection'
activerecord (5.1.6) lib/active_record/connection_adapters/abstract/connection_pool.rb:500:in `checkout'
activerecord (5.1.6) lib/active_record/connection_adapters/abstract/connection_pool.rb:374:in `connection'
activerecord (5.1.6) lib/active_record/connection_adapters/abstract/connection_pool.rb:931:in `retrieve_connection'
activerecord (5.1.6) lib/active_record/connection_handling.rb:116:in `retrieve_connection'
activerecord (5.1.6) lib/active_record/connection_handling.rb:88:in `connection'
activerecord (5.1.6) lib/active_record/migration.rb:562:in `connection'
activerecord (5.1.6) lib/active_record/migration.rb:553:in `call'
actionpack (5.1.6) lib/action_dispatch/middleware/callbacks.rb:26:in `block in call'
activesupport (5.1.6) lib/active_support/callbacks.rb:97:in `run_callbacks'
actionpack (5.1.6) lib/action_dispatch/middleware/callbacks.rb:24:in `call'
actionpack (5.1.6) lib/action_dispatch/middleware/executor.rb:12:in `call'
actionpack (5.1.6) lib/action_dispatch/middleware/debug_exceptions.rb:59:in `call'
web-console (3.6.2) lib/web_console/middleware.rb:135:in `call_app'
web-console (3.6.2) lib/web_console/middleware.rb:30:in `block in call'
web-console (3.6.2) lib/web_console/middleware.rb:20:in `catch'
web-console (3.6.2) lib/web_console/middleware.rb:20:in `call'
actionpack (5.1.6) lib/action_dispatch/middleware/show_exceptions.rb:31:in `call'
railties (5.1.6) lib/rails/rack/logger.rb:36:in `call_app'
railties (5.1.6) lib/rails/rack/logger.rb:24:in `block in call'
activesupport (5.1.6) lib/active_support/tagged_logging.rb:69:in `block in tagged'
activesupport (5.1.6) lib/active_support/tagged_logging.rb:26:in `tagged'
activesupport (5.1.6) lib/active_support/tagged_logging.rb:69:in `tagged'
railties (5.1.6) lib/rails/rack/logger.rb:24:in `call'
sprockets-rails (3.2.1) lib/sprockets/rails/quiet_assets.rb:13:in `call'
actionpack (5.1.6) lib/action_dispatch/middleware/remote_ip.rb:79:in `call'
actionpack (5.1.6) lib/action_dispatch/middleware/request_id.rb:25:in `call'
rack (2.0.5) lib/rack/method_override.rb:22:in `call'
rack (2.0.5) lib/rack/runtime.rb:22:in `call'
activesupport (5.1.6) lib/active_support/cache/strategy/local_cache_middleware.rb:27:in `call'
actionpack (5.1.6) lib/action_dispatch/middleware/executor.rb:12:in `call'
actionpack (5.1.6) lib/action_dispatch/middleware/static.rb:125:in `call'
rack (2.0.5) lib/rack/sendfile.rb:111:in `call'
webpacker (3.5.5) lib/webpacker/dev_server_proxy.rb:22:in `perform_request'
rack-proxy (0.6.4) lib/rack/proxy.rb:57:in `call'
railties (5.1.6) lib/rails/engine.rb:522:in `call'
puma (3.12.0) lib/puma/configuration.rb:225:in `call'
puma (3.12.0) lib/puma/server.rb:658:in `handle_request'
puma (3.12.0) lib/puma/server.rb:472:in `process_client'
puma (3.12.0) lib/puma/server.rb:332:in `block in run'
puma (3.12.0) lib/puma/thread_pool.rb:133:in `block in spawn_thread'
Started GET "/users/sign_in" for ::1 at 2018-11-07 14:38:27 -0800
  [1m[35m (0.5ms)[0m  [1m[34mSELECT "schema_migrations"."version" FROM "schema_migrations" ORDER BY "schema_migrations"."version" ASC[0m
Processing by Devise::SessionsController#new as HTML
  Rendering /Users/christineduane/.rvm/gems/ruby-2.5.1/gems/devise-4.5.0/app/views/devise/sessions/new.html.erb within layouts/application
  Rendered /Users/christineduane/.rvm/gems/ruby-2.5.1/gems/devise-4.5.0/app/views/devise/shared/_links.html.erb (2.2ms)
  Rendered /Users/christineduane/.rvm/gems/ruby-2.5.1/gems/devise-4.5.0/app/views/devise/sessions/new.html.erb within layouts/application (46.1ms)
Completed 200 OK in 1341ms (Views: 1300.7ms | ActiveRecord: 9.4ms)


